2022-03-11T09:43:30.7074729 404 : [{"timestamp":"2022-03-11T14:43:30.688+00:00","status":404,"error":"Not Found","message":"No message available","path":"/users"}]
2022-03-11T09:45:08.5475037 401 : [{"timestamp":"2022-03-11T14:45:08.532+00:00","status":401,"error":"Unauthorized","message":"Full authentication is required to access this resource","path":"/account/1001/balance/"}]
2022-03-11T11:50:50.8171706 400 : [{"timestamp":"2022-03-11T16:50:50.782+00:00","status":400,"error":"Bad Request","message":"User registration failed.","path":"/register"}]
2022-03-11T11:51:00.7882588 401 : [{"timestamp":"2022-03-11T16:51:00.782+00:00","status":401,"error":"Unauthorized","message":"Full authentication is required to access this resource","path":"/account/1003/balance"}]
2022-03-11T15:23:03.6972606 404 : [{"timestamp":"2022-03-11T20:23:03.672+00:00","status":404,"error":"Not Found","message":"No message available","path":"/accounts/1001"}]
2022-03-11T15:24:31.0178415 401 : [no body]
2022-03-11T15:25:07.7690141 404 : [{"timestamp":"2022-03-11T20:25:07.746+00:00","status":404,"error":"Not Found","message":"No message available","path":"/users"}]
2022-03-11T15:27:01.1408284 404 : [{"timestamp":"2022-03-11T20:27:01.075+00:00","status":404,"error":"Not Found","message":"No message available","path":"/users"}]
2022-03-11T15:29:38.6958509 500 : [{"timestamp":"2022-03-11T20:29:38.674+00:00","status":500,"error":"Internal Server Error","message":"Failed to evaluate expression 'isUser'","path":"/user"}]
2022-03-11T15:35:24.1539053 500 : [{"timestamp":"2022-03-11T20:35:24.132+00:00","status":500,"error":"Internal Server Error","message":"Failed to evaluate expression 'isUser'","path":"/user"}]
2022-03-11T15:38:05.6304015 401 : [{"timestamp":"2022-03-11T20:37:54.614+00:00","status":401,"error":"Unauthorized","message":"Full authentication is required to access this resource","path":"/user"}]
2022-03-11T15:39:17.0012222 401 : [{"timestamp":"2022-03-11T20:39:16.983+00:00","status":401,"error":"Unauthorized","message":"Full authentication is required to access this resource","path":"/user"}]
2022-03-11T15:50:52.1099604 500 : [{"timestamp":"2022-03-11T20:50:52.090+00:00","status":500,"error":"Internal Server Error","message":"Invalid cursor position; nested exception is java.sql.SQLException: Invalid cursor position","path":"/user/1001/account"}]
2022-03-11T15:50:52.1338804 500 : [{"timestamp":"2022-03-11T20:50:52.132+00:00","status":500,"error":"Internal Server Error","message":"Index -1 out of bounds for length 100","path":"/user/1/account"}]
2022-03-11T15:52:40.136393 500 : [{"timestamp":"2022-03-11T20:52:40.115+00:00","status":500,"error":"Internal Server Error","message":"Invalid cursor position; nested exception is java.sql.SQLException: Invalid cursor position","path":"/user/1002/account"}]
2022-03-11T15:52:40.1534106 500 : [{"timestamp":"2022-03-11T20:52:40.152+00:00","status":500,"error":"Internal Server Error","message":"Invalid cursor position; nested exception is java.sql.SQLException: Invalid cursor position","path":"/user/1003/account"}]
2022-03-11T16:00:49.4616928 500 : [{"timestamp":"2022-03-11T21:00:49.444+00:00","status":500,"error":"Internal Server Error","message":"Invalid cursor position; nested exception is java.sql.SQLException: Invalid cursor position","path":"/user/1002/account"}]
2022-03-11T16:00:49.4776391 500 : [{"timestamp":"2022-03-11T21:00:49.475+00:00","status":500,"error":"Internal Server Error","message":"Invalid cursor position; nested exception is java.sql.SQLException: Invalid cursor position","path":"/user/1003/account"}]
2022-03-11T16:01:26.0617381 500 : [{"timestamp":"2022-03-11T21:01:26.036+00:00","status":500,"error":"Internal Server Error","message":"Invalid cursor position; nested exception is java.sql.SQLException: Invalid cursor position","path":"/user/1002/account"}]
2022-03-11T16:01:26.085658 500 : [{"timestamp":"2022-03-11T21:01:26.083+00:00","status":500,"error":"Internal Server Error","message":"Invalid cursor position; nested exception is java.sql.SQLException: Invalid cursor position","path":"/user/1003/account"}]
2022-03-11T16:02:01.9070817 401 : [no body]
2022-03-11T16:03:15.4215049 500 : [{"timestamp":"2022-03-11T21:03:15.365+00:00","status":500,"error":"Internal Server Error","message":"Invalid cursor position; nested exception is java.sql.SQLException: Invalid cursor position","path":"/user/1002/account"}]
2022-03-11T16:03:28.3579281 500 : [{"timestamp":"2022-03-11T21:03:28.355+00:00","status":500,"error":"Internal Server Error","message":"Invalid cursor position; nested exception is java.sql.SQLException: Invalid cursor position","path":"/user/1003/account"}]
2022-03-11T16:11:18.4308727 500 : [{"timestamp":"2022-03-11T21:11:18.410+00:00","status":500,"error":"Internal Server Error","message":"No message available","path":"/account/2002/updatebalance"}]
2022-03-11T16:11:18.4508059 500 : [{"timestamp":"2022-03-11T21:11:18.449+00:00","status":500,"error":"Internal Server Error","message":"No message available","path":"/account/2003/updatebalance"}]
2022-03-11T16:19:35.6320384 500 : [{"timestamp":"2022-03-11T21:19:34.320+00:00","status":500,"error":"Internal Server Error","message":"No message available","path":"/account/2002/updatebalance"}]
2022-03-11T16:19:45.3447989 500 : [{"timestamp":"2022-03-11T21:19:45.338+00:00","status":500,"error":"Internal Server Error","message":"No message available","path":"/account/2003/updatebalance"}]
2022-03-11T16:20:04.0758526 500 : [{"timestamp":"2022-03-11T21:20:04.056+00:00","status":500,"error":"Internal Server Error","message":"No message available","path":"/account/2002/updatebalance"}]
2022-03-11T16:20:04.0957722 500 : [{"timestamp":"2022-03-11T21:20:04.094+00:00","status":500,"error":"Internal Server Error","message":"No message available","path":"/account/2003/updatebalance"}]
2022-03-11T16:28:41.0015864 401 : [no body]
2022-03-11T16:41:07.2168596 404 : [{"timestamp":"2022-03-11T21:41:07.192+00:00","status":404,"error":"Not Found","message":"No message available","path":"/accounts/1006"}]
2022-03-11T17:01:22.5083852 500 : [{"timestamp":"2022-03-11T22:01:22.491+00:00","status":500,"error":"Internal Server Error","message":"Ambiguous handler methods mapped for '/account/1005/transfer': {public java.util.List com.techeleva... (538 bytes)]
2022-03-11T17:01:40.6099435 500 : [{"timestamp":"2022-03-11T22:01:40.591+00:00","status":500,"error":"Internal Server Error","message":"Ambiguous handler methods mapped for '/account/1005/transfer': {public java.util.List com.techeleva... (538 bytes)]
2022-03-11T17:27:42.0885427 404 : [{"timestamp":"2022-03-11T22:27:42.063+00:00","status":404,"error":"Not Found","message":"No message available","path":"/accounts/transfer"}]
2022-03-11T17:27:48.3866666 404 : [{"timestamp":"2022-03-11T22:27:48.384+00:00","status":404,"error":"Not Found","message":"No message available","path":"/accounts/transfer"}]
2022-03-11T17:28:03.9513215 404 : [{"timestamp":"2022-03-11T22:28:03.949+00:00","status":404,"error":"Not Found","message":"No message available","path":"/accounts/transfer"}]
2022-03-11T17:28:15.2782065 500 : [{"timestamp":"2022-03-11T22:28:15.274+00:00","status":500,"error":"Internal Server Error","message":"No message available","path":"/user/1006/transferhistory"}]
2022-03-11T17:30:04.9893595 500 : [{"timestamp":"2022-03-11T22:30:04.972+00:00","status":500,"error":"Internal Server Error","message":"No message available","path":"/account/transfer"}]
2022-03-11T17:30:08.3737166 500 : [{"timestamp":"2022-03-11T22:30:08.371+00:00","status":500,"error":"Internal Server Error","message":"No message available","path":"/user/1006/transferhistory"}]
2022-03-11T17:38:08.486288 500 : [{"timestamp":"2022-03-11T22:38:08.463+00:00","status":500,"error":"Internal Server Error","message":"No message available","path":"/account/transfer"}]
2022-03-11T17:42:58.251651 500 : [{"timestamp":"2022-03-11T22:42:57.886+00:00","status":500,"error":"Internal Server Error","message":"No message available","path":"/account/transfer"}]
2022-03-11T17:43:33.7738445 500 : [{"timestamp":"2022-03-11T22:43:33.772+00:00","status":500,"error":"Internal Server Error","message":"No message available","path":"/user/1006/transferhistory"}]
2022-03-11T17:51:11.0732876 500 : [{"timestamp":"2022-03-11T22:51:11.052+00:00","status":500,"error":"Internal Server Error","message":"No message available","path":"/account/transfer"}]
2022-03-11T20:16:13.9376098 500 : [{"timestamp":"2022-03-12T01:16:13.906+00:00","status":500,"error":"Internal Server Error","message":"No message available","path":"/account/transfer"}]
2022-03-11T20:21:44.4903551 500 : [{"timestamp":"2022-03-12T01:21:44.490+00:00","status":500,"error":"Internal Server Error","message":"No message available","path":"/account/transfer"}]
2022-03-11T20:23:51.7675807 500 : [{"timestamp":"2022-03-12T01:23:51.752+00:00","status":500,"error":"Internal Server Error","message":"No message available","path":"/account/transfer"}]
2022-03-11T20:24:30.1103518 500 : [{"timestamp":"2022-03-12T01:24:30.094+00:00","status":500,"error":"Internal Server Error","message":"No message available","path":"/account/transfer"}]
2022-03-11T20:24:46.9470567 500 : [{"timestamp":"2022-03-12T01:24:46.947+00:00","status":500,"error":"Internal Server Error","message":"No message available","path":"/account/transfer"}]
